#
# There is insufficient memory for the Java Runtime Environment to continue.
# Native memory allocation (malloc) failed to allocate 1048576 bytes. Error detail: AllocateHeap
# Possible reasons:
#   The system is out of physical RAM or swap space
#   This process is running with CompressedOops enabled, and the Java Heap may be blocking the growth of the native heap
# Possible solutions:
#   Reduce memory load on the system
#   Increase physical memory or swap space
#   Check if swap backing store is full
#   Decrease Java heap size (-Xmx/-Xms)
#   Decrease number of Java threads
#   Decrease Java thread stack sizes (-Xss)
#   Set larger code cache with -XX:ReservedCodeCacheSize=
#   JVM is running with Zero Based Compressed Oops mode in which the Java heap is
#     placed in the first 32GB address space. The Java Heap base address is the
#     maximum limit for the native heap growth. Please use -XX:HeapBaseMinAddress
#     to set the Java Heap base and to place the Java Heap above 32GB virtual address.
# This output file may be truncated or incomplete.
#
#  Out of Memory Error (allocation.cpp:44), pid=21560, tid=8800
#
# JRE version: OpenJDK Runtime Environment Corretto-17.0.13.11.1 (17.0.13+11) (build 17.0.13+11-LTS)
# Java VM: OpenJDK 64-Bit Server VM Corretto-17.0.13.11.1 (17.0.13+11-LTS, mixed mode, emulated-client, sharing, tiered, compressed oops, compressed class ptrs, g1 gc, windows-amd64)
# No core dump will be written. Minidumps are not enabled by default on client versions of Windows
#

---------------  S U M M A R Y ------------

Command Line: -XX:TieredStopAtLevel=1 -Dspring.output.ansi.enabled=always -Dcom.sun.management.jmxremote -Dspring.jmx.enabled=true -Dspring.liveBeansView.mbeanDomain -Dspring.application.admin.enabled=true -Dmanagement.endpoints.jmx.exposure.include=* -javaagent:C:\Program Files\JetBrains\IntelliJ IDEA 2024.1\lib\idea_rt.jar=53781 -Dfile.encoding=UTF-8 com.rh_app.hr_app.HrAppApplication

Host: 12th Gen Intel(R) Core(TM) i7-12650H, 16 cores, 15G,  Windows 11 , 64 bit Build 26100 (10.0.26100.3775)
Time: Thu Apr 24 10:12:06 2025 W. Central Africa Standard Time elapsed time: 11667.985912 seconds (0d 3h 14m 27s)

---------------  T H R E A D  ---------------

Current thread (0x0000022d9affcc30):  VMThread "VM Thread" [stack: 0x000000a54a600000,0x000000a54a700000] [id=8800]

Stack: [0x000000a54a600000,0x000000a54a700000]
Native frames: (J=compiled Java code, j=interpreted, Vv=VM code, C=native code)
V  [jvm.dll+0x680c19]
V  [jvm.dll+0x83888a]
V  [jvm.dll+0x83a34e]
V  [jvm.dll+0x83a9b3]
V  [jvm.dll+0x2481af]
V  [jvm.dll+0xa70f3]
V  [jvm.dll+0x2f9233]
V  [jvm.dll+0x2f4ec0]
V  [jvm.dll+0x2dd97f]
V  [jvm.dll+0x320417]
V  [jvm.dll+0x83eead]
V  [jvm.dll+0x83fbf2]
V  [jvm.dll+0x84011f]
V  [jvm.dll+0x840504]
V  [jvm.dll+0x8405d0]
V  [jvm.dll+0x7e7b2c]
V  [jvm.dll+0x67fae7]
C  [ucrtbase.dll+0x37b0]
C  [KERNEL32.DLL+0x2e8d7]
C  [ntdll.dll+0xb14fc]

VM_Operation (0x000000a549fff340): G1CollectFull, mode: safepoint, requested by thread 0x0000022de4cf7ab0


---------------  P R O C E S S  ---------------

Threads class SMR info:
_java_thread_list=0x0000022ddd0c8d50, length=20, elements={
0x0000022d9b001a80, 0x0000022d9b0031b0, 0x0000022d9b01b450, 0x0000022d9b01be10,
0x0000022d9b01d340, 0x0000022d9b01f010, 0x0000022d9b0211a0, 0x0000022d9b024930,
0x0000022ddd132ef0, 0x0000022ddd88e560, 0x0000022ddd88ea40, 0x0000022ddd9ff1b0,
0x0000022de20f2fd0, 0x0000022de261ff80, 0x0000022de2620eb0, 0x0000022de2624150,
0x0000022de4cf9e20, 0x0000022de4cfa840, 0x0000022de4cfa330, 0x0000022de4cf7ab0
}

Java Threads: ( => current thread )
  0x0000022d9b001a80 JavaThread "Reference Handler" daemon [_thread_blocked, id=10756, stack(0x000000a54a700000,0x000000a54a800000)]
  0x0000022d9b0031b0 JavaThread "Finalizer" daemon [_thread_blocked, id=26748, stack(0x000000a54a800000,0x000000a54a900000)]
  0x0000022d9b01b450 JavaThread "Signal Dispatcher" daemon [_thread_blocked, id=7876, stack(0x000000a54a900000,0x000000a54aa00000)]
  0x0000022d9b01be10 JavaThread "Attach Listener" daemon [_thread_blocked, id=20548, stack(0x000000a54aa00000,0x000000a54ab00000)]
  0x0000022d9b01d340 JavaThread "Service Thread" daemon [_thread_blocked, id=10604, stack(0x000000a54ab00000,0x000000a54ac00000)]
  0x0000022d9b01f010 JavaThread "Monitor Deflation Thread" daemon [_thread_blocked, id=6452, stack(0x000000a54ac00000,0x000000a54ad00000)]
  0x0000022d9b0211a0 JavaThread "C1 CompilerThread0" daemon [_thread_blocked, id=15448, stack(0x000000a54ad00000,0x000000a54ae00000)]
  0x0000022d9b024930 JavaThread "Sweeper thread" daemon [_thread_blocked, id=26364, stack(0x000000a54ae00000,0x000000a54af00000)]
  0x0000022ddd132ef0 JavaThread "Common-Cleaner" daemon [_thread_blocked, id=11076, stack(0x000000a54b000000,0x000000a54b100000)]
  0x0000022ddd88e560 JavaThread "Monitor Ctrl-Break" daemon [_thread_in_native, id=14472, stack(0x000000a54b300000,0x000000a54b400000)]
  0x0000022ddd88ea40 JavaThread "Notification Thread" daemon [_thread_blocked, id=13828, stack(0x000000a54b400000,0x000000a54b500000)]
  0x0000022ddd9ff1b0 JavaThread "RMI TCP Accept-0" daemon [_thread_blocked, id=17360, stack(0x000000a54b500000,0x000000a54b600000)]
  0x0000022de20f2fd0 JavaThread "RMI Scheduler(0)" daemon [_thread_blocked, id=14108, stack(0x000000a54bf00000,0x000000a54c000000)]
  0x0000022de261ff80 JavaThread "PostgreSQL-JDBC-Cleaner" daemon [_thread_blocked, id=24572, stack(0x000000a54cf00000,0x000000a54d000000)]
  0x0000022de2620eb0 JavaThread "Cleaner-0" daemon [_thread_blocked, id=24304, stack(0x000000a54d500000,0x000000a54d600000)]
  0x0000022de2624150 JavaThread "Live Reload Server" daemon [_thread_in_native, id=2104, stack(0x000000a54d800000,0x000000a54d900000)]
  0x0000022de4cf9e20 JavaThread "DestroyJavaVM" [_thread_blocked, id=11120, stack(0x000000a54a000000,0x000000a54a100000)]
  0x0000022de4cfa840 JavaThread "JMX server connection timeout 145" daemon [_thread_blocked, id=24780, stack(0x000000a549e00000,0x000000a549f00000)]
  0x0000022de4cfa330 JavaThread "RMI TCP Connection(12)-192.168.0.115" daemon [_thread_blocked, id=16368, stack(0x000000a549d00000,0x000000a549e00000)]
  0x0000022de4cf7ab0 JavaThread "Thread-5" [_thread_blocked, id=15020, stack(0x000000a549f00000,0x000000a54a000000)]

Other Threads:
=>0x0000022d9affcc30 VMThread "VM Thread" [stack: 0x000000a54a600000,0x000000a54a700000] [id=8800]
  0x0000022d84477080 WatcherThread [stack: 0x000000a54b600000,0x000000a54b700000] [id=24280]
  0x0000022d844e0e70 GCTaskThread "GC Thread#0" [stack: 0x000000a54a100000,0x000000a54a200000] [id=26068]
  0x0000022d84477320 GCTaskThread "GC Thread#1" [stack: 0x000000a54b700000,0x000000a54b800000] [id=7684]
  0x0000022ddda37280 GCTaskThread "GC Thread#2" [stack: 0x000000a54b800000,0x000000a54b900000] [id=27416]
  0x0000022ddda385c0 GCTaskThread "GC Thread#3" [stack: 0x000000a54b900000,0x000000a54ba00000] [id=12732]
  0x0000022ddda38880 GCTaskThread "GC Thread#4" [stack: 0x000000a54ba00000,0x000000a54bb00000] [id=25340]
  0x0000022ddda38300 GCTaskThread "GC Thread#5" [stack: 0x000000a54bb00000,0x000000a54bc00000] [id=25828]
  0x0000022ddda37d80 GCTaskThread "GC Thread#6" [stack: 0x000000a54bc00000,0x000000a54bd00000] [id=26504]
  0x0000022ddda38b40 GCTaskThread "GC Thread#7" [stack: 0x000000a54bd00000,0x000000a54be00000] [id=5928]
  0x0000022ddda38040 GCTaskThread "GC Thread#8" [stack: 0x000000a54c100000,0x000000a54c200000] [id=25028]
  0x0000022ddda38e00 GCTaskThread "GC Thread#9" [stack: 0x000000a54c200000,0x000000a54c300000] [id=2252]
  0x0000022ddda37ac0 GCTaskThread "GC Thread#10" [stack: 0x000000a54c700000,0x000000a54c800000] [id=12356]
  0x0000022de2b17db0 GCTaskThread "GC Thread#11" [stack: 0x000000a54c800000,0x000000a54c900000] [id=4140]
  0x0000022de2b167b0 GCTaskThread "GC Thread#12" [stack: 0x000000a54c900000,0x000000a54ca00000] [id=3912]
  0x0000022d844f1910 ConcurrentGCThread "G1 Main Marker" [stack: 0x000000a54a200000,0x000000a54a300000] [id=11436]
  0x0000022d844f4010 ConcurrentGCThread "G1 Conc#0" [stack: 0x000000a54a300000,0x000000a54a400000] [id=21564]
  0x0000022de2b19bf0 ConcurrentGCThread "G1 Conc#1" [stack: 0x000000a54c500000,0x000000a54c600000] [id=9824]
  0x0000022de2b16d30 ConcurrentGCThread "G1 Conc#2" [stack: 0x000000a54ca00000,0x000000a54cb00000] [id=15160]
  0x0000022d9af33330 ConcurrentGCThread "G1 Refine#0" [stack: 0x000000a54a400000,0x000000a54a500000] [id=4692]
  0x0000022d9af34c10 ConcurrentGCThread "G1 Service" [stack: 0x000000a54a500000,0x000000a54a600000] [id=25428]

Threads with active compile tasks:
C1 CompilerThread0  11668000 13756  s    1       org.apache.catalina.util.LifecycleBase::setStateInternal (144 bytes)

VM state: at safepoint (normal execution)

VM Mutex/Monitor currently owned by a thread:  ([mutex/lock_event])
[0x0000022d84472df0] Threads_lock - owner thread: 0x0000022d9affcc30
[0x0000022d844716e0] Heap_lock - owner thread: 0x0000022de4cf7ab0

Heap address: 0x0000000704a00000, size: 4022 MB, Compressed Oops mode: Zero based, Oop shift amount: 3

CDS archive(s) mapped at: [0x0000022d9c000000-0x0000022d9cbb0000-0x0000022d9cbb0000), size 12255232, SharedBaseAddress: 0x0000022d9c000000, ArchiveRelocationMode: 1.
Compressed class space mapped at: 0x0000022d9d000000-0x0000022ddd000000, reserved size: 1073741824
Narrow klass base: 0x0000022d9c000000, Narrow klass shift: 0, Narrow klass range: 0x100000000

GC Precious Log:
 CPUs: 16 total, 16 available
 Memory: 16085M
 Large Page Support: Disabled
 NUMA Support: Disabled
 Compressed Oops: Enabled (Zero based)
 Heap Region Size: 2M
 Heap Min Capacity: 8M
 Heap Initial Capacity: 252M
 Heap Max Capacity: 4022M
 Pre-touch: Disabled
 Parallel Workers: 13
 Concurrent Workers: 3
 Concurrent Refinement Workers: 13
 Periodic GC: Disabled

Heap:
 garbage-first heap   total 133120K, used 78110K [0x0000000704a00000, 0x0000000800000000)
  region size 2048K, 12 young (24576K), 1 survivors (2048K)
 Metaspace       used 91002K, committed 91904K, reserved 1179648K
  class space    used 13086K, committed 13504K, reserved 1048576K

Heap Regions: E=young(eden), S=young(survivor), O=old, HS=humongous(starts), HC=humongous(continues), CS=collection set, F=free, OA=open archive, CA=closed archive, TAMS=top-at-mark-start (previous, next)
|   0|0x0000000704a00000, 0x0000000704c00000, 0x0000000704c00000|100%| O|  |TAMS 0x0000000704c00000, 0x0000000704a00000| Untracked 
|   1|0x0000000704c00000, 0x0000000704e00000, 0x0000000704e00000|100%| O|  |TAMS 0x0000000704e00000, 0x0000000704c00000| Untracked 
|   2|0x0000000704e00000, 0x0000000705000000, 0x0000000705000000|100%| O|  |TAMS 0x0000000705000000, 0x0000000704e00000| Untracked 
|   3|0x0000000705000000, 0x0000000705200000, 0x0000000705200000|100%| O|  |TAMS 0x0000000705200000, 0x0000000705000000| Untracked 
|   4|0x0000000705200000, 0x0000000705400000, 0x0000000705400000|100%| O|  |TAMS 0x0000000705400000, 0x0000000705200000| Untracked 
|   5|0x0000000705400000, 0x000000070548c400, 0x0000000705600000| 27%| O|  |TAMS 0x000000070548c400, 0x0000000705400000| Untracked 
|   6|0x0000000705600000, 0x0000000705800000, 0x0000000705800000|100%| O|  |TAMS 0x0000000705800000, 0x0000000705600000| Untracked 
|   7|0x0000000705800000, 0x0000000705a00000, 0x0000000705a00000|100%| O|  |TAMS 0x0000000705a00000, 0x0000000705800000| Untracked 
|   8|0x0000000705a00000, 0x0000000705c00000, 0x0000000705c00000|100%| O|  |TAMS 0x0000000705c00000, 0x0000000705a00000| Untracked 
|   9|0x0000000705c00000, 0x0000000705e00000, 0x0000000705e00000|100%| O|  |TAMS 0x0000000705e00000, 0x0000000705c00000| Untracked 
|  10|0x0000000705e00000, 0x0000000706000000, 0x0000000706000000|100%| O|  |TAMS 0x0000000706000000, 0x0000000705e00000| Untracked 
|  11|0x0000000706000000, 0x0000000706200000, 0x0000000706200000|100%| O|  |TAMS 0x0000000706200000, 0x0000000706000000| Untracked 
|  12|0x0000000706200000, 0x0000000706400000, 0x0000000706400000|100%| O|  |TAMS 0x0000000706400000, 0x0000000706200000| Untracked 
|  13|0x0000000706400000, 0x0000000706600000, 0x0000000706600000|100%| O|  |TAMS 0x0000000706600000, 0x0000000706400000| Untracked 
|  14|0x0000000706600000, 0x0000000706800000, 0x0000000706800000|100%| O|  |TAMS 0x0000000706800000, 0x0000000706600000| Untracked 
|  15|0x0000000706800000, 0x0000000706a00000, 0x0000000706a00000|100%| O|  |TAMS 0x00000007069c2400, 0x0000000706800000| Untracked 
|  16|0x0000000706a00000, 0x0000000706c00000, 0x0000000706c00000|100%| O|  |TAMS 0x0000000706a00000, 0x0000000706a00000| Untracked 
|  17|0x0000000706c00000, 0x0000000706e00000, 0x0000000706e00000|100%| O|  |TAMS 0x0000000706c00000, 0x0000000706c00000| Untracked 
|  18|0x0000000706e00000, 0x0000000707000000, 0x0000000707000000|100%| O|  |TAMS 0x0000000706e00000, 0x0000000706e00000| Untracked 
|  19|0x0000000707000000, 0x0000000707200000, 0x0000000707200000|100%| O|  |TAMS 0x0000000707000000, 0x0000000707000000| Untracked 
|  20|0x0000000707200000, 0x0000000707400000, 0x0000000707400000|100%| O|  |TAMS 0x0000000707200000, 0x0000000707200000| Untracked 
|  21|0x0000000707400000, 0x0000000707600000, 0x0000000707600000|100%| O|  |TAMS 0x0000000707400000, 0x0000000707400000| Untracked 
|  22|0x0000000707600000, 0x0000000707800000, 0x0000000707800000|100%| O|  |TAMS 0x0000000707600000, 0x0000000707600000| Untracked 
|  23|0x0000000707800000, 0x0000000707a00000, 0x0000000707a00000|100%| O|  |TAMS 0x0000000707800000, 0x0000000707800000| Untracked 
|  24|0x0000000707a00000, 0x0000000707c00000, 0x0000000707c00000|100%| O|  |TAMS 0x0000000707a00000, 0x0000000707a00000| Untracked 
|  25|0x0000000707c00000, 0x0000000707e00000, 0x0000000707e00000|100%| O|  |TAMS 0x0000000707c00000, 0x0000000707c00000| Untracked 
|  26|0x0000000707e00000, 0x0000000708000000, 0x0000000708000000|100%| O|  |TAMS 0x0000000707e00000, 0x0000000707e00000| Untracked 
|  27|0x0000000708000000, 0x0000000708200000, 0x0000000708200000|100%| O|  |TAMS 0x0000000708000000, 0x0000000708000000| Untracked 
|  28|0x0000000708200000, 0x00000007082dee00, 0x0000000708400000| 43%| O|  |TAMS 0x0000000708200000, 0x0000000708200000| Untracked 
|  29|0x0000000708400000, 0x0000000708400000, 0x0000000708600000|  0%| F|  |TAMS 0x0000000708400000, 0x0000000708400000| Untracked 
|  30|0x0000000708600000, 0x0000000708600000, 0x0000000708800000|  0%| F|  |TAMS 0x0000000708600000, 0x0000000708600000| Untracked 
|  31|0x0000000708800000, 0x0000000708800000, 0x0000000708a00000|  0%| F|  |TAMS 0x0000000708800000, 0x0000000708800000| Untracked 
|  32|0x0000000708a00000, 0x0000000708a00000, 0x0000000708c00000|  0%| F|  |TAMS 0x0000000708a00000, 0x0000000708a00000| Untracked 
|  33|0x0000000708c00000, 0x0000000708c00000, 0x0000000708e00000|  0%| F|  |TAMS 0x0000000708c00000, 0x0000000708c00000| Untracked 
|  34|0x0000000708e00000, 0x0000000708e00000, 0x0000000709000000|  0%| F|  |TAMS 0x0000000708e00000, 0x0000000708e00000| Untracked 
|  35|0x0000000709000000, 0x0000000709000000, 0x0000000709200000|  0%| F|  |TAMS 0x0000000709000000, 0x0000000709000000| Untracked 
|  36|0x0000000709200000, 0x0000000709200000, 0x0000000709400000|  0%| F|  |TAMS 0x0000000709200000, 0x0000000709200000| Untracked 
|  37|0x0000000709400000, 0x00000007094dc850, 0x0000000709600000| 43%| S|CS|TAMS 0x0000000709400000, 0x0000000709400000| Complete 
|  38|0x0000000709600000, 0x0000000709600000, 0x0000000709800000|  0%| F|  |TAMS 0x0000000709600000, 0x0000000709600000| Untracked 
|  39|0x0000000709800000, 0x0000000709800000, 0x0000000709a00000|  0%| F|  |TAMS 0x0000000709800000, 0x0000000709800000| Untracked 
|  40|0x0000000709a00000, 0x0000000709a00000, 0x0000000709c00000|  0%| F|  |TAMS 0x0000000709a00000, 0x0000000709a00000| Untracked 
|  41|0x0000000709c00000, 0x0000000709c00000, 0x0000000709e00000|  0%| F|  |TAMS 0x0000000709c00000, 0x0000000709c00000| Untracked 
|  42|0x0000000709e00000, 0x0000000709e00000, 0x000000070a000000|  0%| F|  |TAMS 0x0000000709e00000, 0x0000000709e00000| Untracked 
|  43|0x000000070a000000, 0x000000070a000000, 0x000000070a200000|  0%| F|  |TAMS 0x000000070a000000, 0x000000070a000000| Untracked 
|  44|0x000000070a200000, 0x000000070a200000, 0x000000070a400000|  0%| F|  |TAMS 0x000000070a200000, 0x000000070a200000| Untracked 
|  45|0x000000070a400000, 0x000000070a400000, 0x000000070a600000|  0%| F|  |TAMS 0x000000070a400000, 0x000000070a400000| Untracked 
|  46|0x000000070a600000, 0x000000070a600000, 0x000000070a800000|  0%| F|  |TAMS 0x000000070a600000, 0x000000070a600000| Untracked 
|  47|0x000000070a800000, 0x000000070a800000, 0x000000070aa00000|  0%| F|  |TAMS 0x000000070a800000, 0x000000070a800000| Untracked 
|  48|0x000000070aa00000, 0x000000070aa00000, 0x000000070ac00000|  0%| F|  |TAMS 0x000000070aa00000, 0x000000070aa00000| Untracked 
|  49|0x000000070ac00000, 0x000000070ac00000, 0x000000070ae00000|  0%| F|  |TAMS 0x000000070ac00000, 0x000000070ac00000| Untracked 
|  50|0x000000070ae00000, 0x000000070ae00000, 0x000000070b000000|  0%| F|  |TAMS 0x000000070ae00000, 0x000000070ae00000| Untracked 
|  51|0x000000070b000000, 0x000000070b000000, 0x000000070b200000|  0%| F|  |TAMS 0x000000070b000000, 0x000000070b000000| Untracked 
|  52|0x000000070b200000, 0x000000070b200000, 0x000000070b400000|  0%| F|  |TAMS 0x000000070b200000, 0x000000070b200000| Untracked 
|  53|0x000000070b400000, 0x000000070b400000, 0x000000070b600000|  0%| F|  |TAMS 0x000000070b400000, 0x000000070b400000| Untracked 
|  54|0x000000070b600000, 0x000000070b72d830, 0x000000070b800000| 58%| E|  |TAMS 0x000000070b600000, 0x000000070b600000| Complete 
|  55|0x000000070b800000, 0x000000070ba00000, 0x000000070ba00000|100%| E|CS|TAMS 0x000000070b800000, 0x000000070b800000| Complete 
|  56|0x000000070ba00000, 0x000000070bc00000, 0x000000070bc00000|100%| E|CS|TAMS 0x000000070ba00000, 0x000000070ba00000| Complete 
|  57|0x000000070bc00000, 0x000000070be00000, 0x000000070be00000|100%| E|CS|TAMS 0x000000070bc00000, 0x000000070bc00000| Complete 
|  58|0x000000070be00000, 0x000000070c000000, 0x000000070c000000|100%| E|CS|TAMS 0x000000070be00000, 0x000000070be00000| Complete 
|  59|0x000000070c000000, 0x000000070c200000, 0x000000070c200000|100%| E|CS|TAMS 0x000000070c000000, 0x000000070c000000| Complete 
| 106|0x0000000711e00000, 0x0000000712000000, 0x0000000712000000|100%| E|CS|TAMS 0x0000000711e00000, 0x0000000711e00000| Complete 
| 107|0x0000000712000000, 0x0000000712200000, 0x0000000712200000|100%| E|CS|TAMS 0x0000000712000000, 0x0000000712000000| Complete 
| 108|0x0000000712200000, 0x0000000712400000, 0x0000000712400000|100%| E|CS|TAMS 0x0000000712200000, 0x0000000712200000| Complete 
| 109|0x0000000712400000, 0x0000000712600000, 0x0000000712600000|100%| E|CS|TAMS 0x0000000712400000, 0x0000000712400000| Complete 
| 125|0x0000000714400000, 0x0000000714600000, 0x0000000714600000|100%| E|CS|TAMS 0x0000000714400000, 0x0000000714400000| Complete 

Card table byte_map: [0x0000022d8fdd0000,0x0000022d905b0000] _byte_map_base: 0x0000022d8c5ab000

Marking Bits (Prev, Next): (CMBitMap*) 0x0000022d844e14d0, (CMBitMap*) 0x0000022d844e1490
 Prev Bits: [0x0000022d94c70000, 0x0000022d98b48000)
 Next Bits: [0x0000022d90d90000, 0x0000022d94c68000)

Polling page: 0x0000022d83b30000

Metaspace:

Usage:
  Non-class:     76.09 MB used.
      Class:     12.78 MB used.
       Both:     88.87 MB used.

Virtual space:
  Non-class space:      128.00 MB reserved,      76.56 MB ( 60%) committed,  2 nodes.
      Class space:        1.00 GB reserved,      13.19 MB (  1%) committed,  1 nodes.
             Both:        1.12 GB reserved,      89.75 MB (  8%) committed. 

Chunk freelists:
   Non-Class:  3.06 MB
       Class:  2.75 MB
        Both:  5.81 MB

MaxMetaspaceSize: unlimited
CompressedClassSpaceSize: 1.00 GB
Initial GC threshold: 21.00 MB
Current GC threshold: 98.25 MB
CDS: on
MetaspaceReclaimPolicy: balanced
 - commit_granule_bytes: 65536.
 - commit_granule_words: 8192.
 - virtual_space_node_default_size: 8388608.
 - enlarge_chunks_in_place: 1.
 - new_chunks_are_fully_committed: 0.
 - uncommit_free_chunks: 1.
 - use_allocation_guard: 0.
 - handle_deallocations: 1.


Internal statistics:

num_allocs_failed_limit: 9.
num_arena_births: 1486.
num_arena_deaths: 0.
num_vsnodes_births: 3.
num_vsnodes_deaths: 0.
num_space_committed: 1436.
num_space_uncommitted: 0.
num_chunks_returned_to_freelist: 9.
num_chunks_taken_from_freelist: 4936.
num_chunk_merges: 6.
num_chunk_splits: 3419.
num_chunks_enlarged: 2489.
num_inconsistent_stats: 0.

CodeCache: size=49152Kb used=23197Kb max_used=25905Kb free=25954Kb
 bounds [0x0000022d8bf80000, 0x0000022d8d8f0000, 0x0000022d8ef80000]
 total_blobs=14323 nmethods=13575 adapters=674
 compilation: enabled
              stopped_count=0, restarted_count=0
 full_count=0

Compilation events (20 events):
Event: 11661.944 Thread 0x0000022d9b0211a0 13747       1       org.springframework.context.event.GenericApplicationListenerAdapter::resolveDeclaredEventType (41 bytes)
Event: 11661.945 Thread 0x0000022d9b0211a0 nmethod 13747 0x0000022d8d444910 code [0x0000022d8d444ae0, 0x0000022d8d444cd8]
Event: 11661.945 Thread 0x0000022d9b0211a0 13748       1       org.springframework.context.event.GenericApplicationListenerAdapter::supportsEventType (100 bytes)
Event: 11661.947 Thread 0x0000022d9b0211a0 nmethod 13748 0x0000022d8d444290 code [0x0000022d8d444460, 0x0000022d8d4447c8]
Event: 11666.824 Thread 0x0000022d9b0211a0 13749       1       java.lang.invoke.MethodHandleNatives::getCharType (8 bytes)
Event: 11666.825 Thread 0x0000022d9b0211a0 nmethod 13749 0x0000022d8d443f10 code [0x0000022d8d4440a0, 0x0000022d8d4441a8]
Event: 11666.878 Thread 0x0000022d9b0211a0 13750       1       sun.nio.ch.SocketDispatcher::invalidateAndClose (46 bytes)
Event: 11666.878 Thread 0x0000022d9b0211a0 nmethod 13750 0x0000022d8d443a10 code [0x0000022d8d443bc0, 0x0000022d8d443dd8]
Event: 11666.878 Thread 0x0000022d9b0211a0 13751       1       java.io.FileDescriptor$1::set (6 bytes)
Event: 11666.878 Thread 0x0000022d9b0211a0 nmethod 13751 0x0000022d8d443510 code [0x0000022d8d4436c0, 0x0000022d8d4438e8]
Event: 11666.878 Thread 0x0000022d9b0211a0 13752  s    1       java.io.FileDescriptor::set (30 bytes)
Event: 11666.878 Thread 0x0000022d9b0211a0 nmethod 13752 0x0000022d8d443090 code [0x0000022d8d443240, 0x0000022d8d443428]
Event: 11666.897 Thread 0x0000022d9b0211a0 13753       1       org.hibernate.service.spi.ServiceBinding::getLifecycleOwner (5 bytes)
Event: 11666.898 Thread 0x0000022d9b0211a0 nmethod 13753 0x0000022d8d442d90 code [0x0000022d8d442f20, 0x0000022d8d442ff8]
Event: 11666.933 Thread 0x0000022d9b0211a0 13754  s!   1       java.net.Socket::close (47 bytes)
Event: 11666.934 Thread 0x0000022d9b0211a0 nmethod 13754 0x0000022d8d442710 code [0x0000022d8d4428e0, 0x0000022d8d442c38]
Event: 11666.946 Thread 0x0000022d9b0211a0 13755       1       org.apache.juli.logging.DirectJDKLog::isDebugEnabled (11 bytes)
Event: 11666.947 Thread 0x0000022d9b0211a0 nmethod 13755 0x0000022d8d442310 code [0x0000022d8d4424a0, 0x0000022d8d4425b8]
Event: 11666.978 Thread 0x0000022d9b0211a0 13756  s    1       org.apache.catalina.util.LifecycleBase::setStateInternal (144 bytes)
Event: 11666.979 Thread 0x0000022d9b0211a0 nmethod 13756 0x0000022d8d441610 code [0x0000022d8d441840, 0x0000022d8d441f88]

GC Heap History (20 events):
Event: 10328.759 GC heap after
{Heap after GC invocations=84 (full 0):
 garbage-first heap   total 133120K, used 57507K [0x0000000704a00000, 0x0000000800000000)
  region size 2048K, 1 young (2048K), 1 survivors (2048K)
 Metaspace       used 90872K, committed 91776K, reserved 1179648K
  class space    used 13057K, committed 13504K, reserved 1048576K
}
Event: 10457.588 GC heap before
{Heap before GC invocations=84 (full 0):
 garbage-first heap   total 133120K, used 112803K [0x0000000704a00000, 0x0000000800000000)
  region size 2048K, 28 young (57344K), 1 survivors (2048K)
 Metaspace       used 90886K, committed 91776K, reserved 1179648K
  class space    used 13061K, committed 13504K, reserved 1048576K
}
Event: 10457.592 GC heap after
{Heap after GC invocations=85 (full 0):
 garbage-first heap   total 133120K, used 57436K [0x0000000704a00000, 0x0000000800000000)
  region size 2048K, 1 young (2048K), 1 survivors (2048K)
 Metaspace       used 90886K, committed 91776K, reserved 1179648K
  class space    used 13061K, committed 13504K, reserved 1048576K
}
Event: 10624.148 GC heap before
{Heap before GC invocations=85 (full 0):
 garbage-first heap   total 133120K, used 112732K [0x0000000704a00000, 0x0000000800000000)
  region size 2048K, 28 young (57344K), 1 survivors (2048K)
 Metaspace       used 90886K, committed 91776K, reserved 1179648K
  class space    used 13061K, committed 13504K, reserved 1048576K
}
Event: 10624.151 GC heap after
{Heap after GC invocations=86 (full 0):
 garbage-first heap   total 133120K, used 57156K [0x0000000704a00000, 0x0000000800000000)
  region size 2048K, 1 young (2048K), 1 survivors (2048K)
 Metaspace       used 90886K, committed 91776K, reserved 1179648K
  class space    used 13061K, committed 13504K, reserved 1048576K
}
Event: 10708.300 GC heap before
{Heap before GC invocations=86 (full 0):
 garbage-first heap   total 133120K, used 112452K [0x0000000704a00000, 0x0000000800000000)
  region size 2048K, 28 young (57344K), 1 survivors (2048K)
 Metaspace       used 90886K, committed 91776K, reserved 1179648K
  class space    used 13061K, committed 13504K, reserved 1048576K
}
Event: 10708.302 GC heap after
{Heap after GC invocations=87 (full 0):
 garbage-first heap   total 133120K, used 57601K [0x0000000704a00000, 0x0000000800000000)
  region size 2048K, 1 young (2048K), 1 survivors (2048K)
 Metaspace       used 90886K, committed 91776K, reserved 1179648K
  class space    used 13061K, committed 13504K, reserved 1048576K
}
Event: 10831.727 GC heap before
{Heap before GC invocations=87 (full 0):
 garbage-first heap   total 133120K, used 112897K [0x0000000704a00000, 0x0000000800000000)
  region size 2048K, 28 young (57344K), 1 survivors (2048K)
 Metaspace       used 90886K, committed 91776K, reserved 1179648K
  class space    used 13061K, committed 13504K, reserved 1048576K
}
Event: 10831.729 GC heap after
{Heap after GC invocations=88 (full 0):
 garbage-first heap   total 133120K, used 57806K [0x0000000704a00000, 0x0000000800000000)
  region size 2048K, 1 young (2048K), 1 survivors (2048K)
 Metaspace       used 90886K, committed 91776K, reserved 1179648K
  class space    used 13061K, committed 13504K, reserved 1048576K
}
Event: 10924.178 GC heap before
{Heap before GC invocations=88 (full 0):
 garbage-first heap   total 133120K, used 113102K [0x0000000704a00000, 0x0000000800000000)
  region size 2048K, 28 young (57344K), 1 survivors (2048K)
 Metaspace       used 90886K, committed 91776K, reserved 1179648K
  class space    used 13061K, committed 13504K, reserved 1048576K
}
Event: 10924.180 GC heap after
{Heap after GC invocations=89 (full 0):
 garbage-first heap   total 133120K, used 57956K [0x0000000704a00000, 0x0000000800000000)
  region size 2048K, 1 young (2048K), 1 survivors (2048K)
 Metaspace       used 90886K, committed 91776K, reserved 1179648K
  class space    used 13061K, committed 13504K, reserved 1048576K
}
Event: 11054.572 GC heap before
{Heap before GC invocations=89 (full 0):
 garbage-first heap   total 133120K, used 113252K [0x0000000704a00000, 0x0000000800000000)
  region size 2048K, 28 young (57344K), 1 survivors (2048K)
 Metaspace       used 90886K, committed 91776K, reserved 1179648K
  class space    used 13061K, committed 13504K, reserved 1048576K
}
Event: 11054.578 GC heap after
{Heap after GC invocations=90 (full 0):
 garbage-first heap   total 133120K, used 57902K [0x0000000704a00000, 0x0000000800000000)
  region size 2048K, 1 young (2048K), 1 survivors (2048K)
 Metaspace       used 90886K, committed 91776K, reserved 1179648K
  class space    used 13061K, committed 13504K, reserved 1048576K
}
Event: 11140.310 GC heap before
{Heap before GC invocations=90 (full 0):
 garbage-first heap   total 133120K, used 113198K [0x0000000704a00000, 0x0000000800000000)
  region size 2048K, 28 young (57344K), 1 survivors (2048K)
 Metaspace       used 90887K, committed 91776K, reserved 1179648K
  class space    used 13061K, committed 13504K, reserved 1048576K
}
Event: 11140.312 GC heap after
{Heap after GC invocations=91 (full 0):
 garbage-first heap   total 133120K, used 57906K [0x0000000704a00000, 0x0000000800000000)
  region size 2048K, 1 young (2048K), 1 survivors (2048K)
 Metaspace       used 90887K, committed 91776K, reserved 1179648K
  class space    used 13061K, committed 13504K, reserved 1048576K
}
Event: 11310.593 GC heap before
{Heap before GC invocations=91 (full 0):
 garbage-first heap   total 133120K, used 113202K [0x0000000704a00000, 0x0000000800000000)
  region size 2048K, 28 young (57344K), 1 survivors (2048K)
 Metaspace       used 90887K, committed 91776K, reserved 1179648K
  class space    used 13061K, committed 13504K, reserved 1048576K
}
Event: 11310.594 GC heap after
{Heap after GC invocations=92 (full 0):
 garbage-first heap   total 133120K, used 57619K [0x0000000704a00000, 0x0000000800000000)
  region size 2048K, 1 young (2048K), 1 survivors (2048K)
 Metaspace       used 90887K, committed 91776K, reserved 1179648K
  class space    used 13061K, committed 13504K, reserved 1048576K
}
Event: 11557.035 GC heap before
{Heap before GC invocations=92 (full 0):
 garbage-first heap   total 133120K, used 112915K [0x0000000704a00000, 0x0000000800000000)
  region size 2048K, 28 young (57344K), 1 survivors (2048K)
 Metaspace       used 90887K, committed 91776K, reserved 1179648K
  class space    used 13061K, committed 13504K, reserved 1048576K
}
Event: 11557.042 GC heap after
{Heap after GC invocations=93 (full 0):
 garbage-first heap   total 133120K, used 57630K [0x0000000704a00000, 0x0000000800000000)
  region size 2048K, 1 young (2048K), 1 survivors (2048K)
 Metaspace       used 90887K, committed 91776K, reserved 1179648K
  class space    used 13061K, committed 13504K, reserved 1048576K
}
Event: 11666.979 GC heap before
{Heap before GC invocations=93 (full 0):
 garbage-first heap   total 133120K, used 78110K [0x0000000704a00000, 0x0000000800000000)
  region size 2048K, 12 young (24576K), 1 survivors (2048K)
 Metaspace       used 91002K, committed 91904K, reserved 1179648K
  class space    used 13086K, committed 13504K, reserved 1048576K
}

Dll operation events (13 events):
Event: 0.007 Loaded shared library C:\Users\benot\.jdks\corretto-17.0.13\bin\java.dll
Event: 0.019 Loaded shared library C:\Users\benot\.jdks\corretto-17.0.13\bin\jsvml.dll
Event: 0.078 Loaded shared library C:\Users\benot\.jdks\corretto-17.0.13\bin\zip.dll
Event: 0.081 Loaded shared library C:\Users\benot\.jdks\corretto-17.0.13\bin\instrument.dll
Event: 0.084 Loaded shared library C:\Users\benot\.jdks\corretto-17.0.13\bin\net.dll
Event: 0.085 Loaded shared library C:\Users\benot\.jdks\corretto-17.0.13\bin\nio.dll
Event: 0.087 Loaded shared library C:\Users\benot\.jdks\corretto-17.0.13\bin\zip.dll
Event: 0.146 Loaded shared library C:\Users\benot\.jdks\corretto-17.0.13\bin\jimage.dll
Event: 0.167 Loaded shared library C:\Users\benot\.jdks\corretto-17.0.13\bin\extnet.dll
Event: 0.178 Loaded shared library C:\Users\benot\.jdks\corretto-17.0.13\bin\management.dll
Event: 0.191 Loaded shared library C:\Users\benot\.jdks\corretto-17.0.13\bin\management_ext.dll
Event: 1.105 Loaded shared library C:\Users\benot\.jdks\corretto-17.0.13\bin\sunmscapi.dll
Event: 3.300 Loaded shared library C:\Users\benot\.jdks\corretto-17.0.13\bin\verify.dll

Deoptimization events (12 events):
Event: 2.406 Thread 0x0000022de22b3400 DEOPT PACKING pc=0x0000022d8c9b9495 sp=0x000000a54c4fd1e0
Event: 2.406 Thread 0x0000022de22b3400 DEOPT UNPACKING pc=0x0000022d8bfd7143 sp=0x000000a54c4fc788 mode 0
Event: 5.401 Thread 0x0000022de22b3400 DEOPT PACKING pc=0x0000022d8c675d52 sp=0x000000a54c4fa910
Event: 5.401 Thread 0x0000022de22b3400 DEOPT UNPACKING pc=0x0000022d8bfd7143 sp=0x000000a54c4f9e18 mode 3
Event: 5.465 Thread 0x0000022ddda563d0 DEOPT PACKING pc=0x0000022d8caa5c84 sp=0x000000a54befefc0
Event: 5.465 Thread 0x0000022ddda563d0 DEOPT UNPACKING pc=0x0000022d8bfd7143 sp=0x000000a54befe4d8 mode 0
Event: 5.465 Thread 0x0000022ddda563d0 DEOPT PACKING pc=0x0000022d8c2b71e4 sp=0x000000a54beff090
Event: 5.465 Thread 0x0000022ddda563d0 DEOPT UNPACKING pc=0x0000022d8bfd7143 sp=0x000000a54befe578 mode 0
Event: 6.521 Thread 0x0000022de22b3400 DEOPT PACKING pc=0x0000022d8cf3b088 sp=0x000000a54c4fe300
Event: 6.521 Thread 0x0000022de22b3400 DEOPT UNPACKING pc=0x0000022d8bfd7143 sp=0x000000a54c4fd7d8 mode 3
Event: 525.552 Thread 0x0000022de2624b70 DEOPT PACKING pc=0x0000022d8c228248 sp=0x000000a54dafa4b0
Event: 525.552 Thread 0x0000022de2624b70 DEOPT UNPACKING pc=0x0000022d8bfd7143 sp=0x000000a54daf9a68 mode 3

Classes loaded (20 events):
Event: 20.003 Loading class java/util/regex/Pattern$Bound
Event: 20.003 Loading class java/util/regex/Pattern$Bound done
Event: 20.012 Loading class java/nio/StringCharBuffer
Event: 20.012 Loading class java/nio/StringCharBuffer done
Event: 20.167 Loading class java/util/ArrayList$SubList$2
Event: 20.167 Loading class java/util/ArrayList$SubList$2 done
Event: 66.099 Loading class java/util/concurrent/atomic/Striped64$Cell
Event: 66.099 Loading class java/util/concurrent/atomic/Striped64$Cell done
Event: 11661.997 Loading class java/util/concurrent/locks/AbstractQueuedSynchronizer$SharedNode
Event: 11661.999 Loading class java/util/concurrent/locks/AbstractQueuedSynchronizer$SharedNode done
Event: 11666.851 Loading class javax/management/NotificationBroadcasterSupport$WildcardListenerInfo
Event: 11666.856 Loading class javax/management/NotificationBroadcasterSupport$WildcardListenerInfo done
Event: 11666.900 Loading class java/util/AbstractMap$2
Event: 11666.901 Loading class java/util/AbstractMap$2 done
Event: 11666.906 Loading class java/util/AbstractMap$2$1
Event: 11666.908 Loading class java/util/AbstractMap$2$1 done
Event: 11666.973 Loading class java/util/WeakHashMap$KeyIterator
Event: 11666.974 Loading class java/util/WeakHashMap$HashIterator
Event: 11666.975 Loading class java/util/WeakHashMap$HashIterator done
Event: 11666.975 Loading class java/util/WeakHashMap$KeyIterator done

Classes unloaded (0 events):
No events

Classes redefined (0 events):
No events

Internal exceptions (20 events):
Event: 7.139 Thread 0x0000022de4cfa840 Exception <a 'java/lang/NullPointerException'{0x00000007124327a8}> (0x00000007124327a8) 
thrown [s\src\hotspot\share\interpreter\linkResolver.cpp, line 1350]
Event: 7.139 Thread 0x0000022de4cfa840 Exception <a 'java/lang/NullPointerException'{0x0000000712432d58}> (0x0000000712432d58) 
thrown [s\src\hotspot\share\interpreter\linkResolver.cpp, line 1350]
Event: 7.142 Thread 0x0000022de4cfa840 Exception <a 'java/lang/NullPointerException'{0x00000007124b0390}> (0x00000007124b0390) 
thrown [s\src\hotspot\share\interpreter\linkResolver.cpp, line 1350]
Event: 7.142 Thread 0x0000022de4cfa840 Exception <a 'java/lang/NullPointerException'{0x00000007124b0940}> (0x00000007124b0940) 
thrown [s\src\hotspot\share\interpreter\linkResolver.cpp, line 1350]
Event: 7.142 Thread 0x0000022de4cfa840 Exception <a 'java/lang/NullPointerException'{0x00000007124b0ef0}> (0x00000007124b0ef0) 
thrown [s\src\hotspot\share\interpreter\linkResolver.cpp, line 1350]
Event: 7.143 Thread 0x0000022de4cfa840 Exception <a 'java/io/FileNotFoundException'{0x00000007124d7030}> (0x00000007124d7030) 
thrown [s\src\hotspot\share\prims\jni.cpp, line 516]
Event: 7.271 Thread 0x0000022de4cfa840 Exception <a 'java/net/UnknownHostException'{0x00000007125c4168}> (0x00000007125c4168) 
thrown [s\src\hotspot\share\prims\jni.cpp, line 516]
Event: 19.637 Thread 0x0000022de261f050 Exception <a 'java/lang/NoSuchMethodError'{0x000000070beabf70}: 'java.lang.Object java.lang.invoke.DirectMethodHandle$Holder.invokeSpecial(java.lang.Object, java.lang.Object, java.lang.Object, java.lang.Object, java.lang.Object, long)'> (0x000000070beabf70) 
thrown [s\src\hotspot\share\interpreter\linkResolver.cpp, line 759]
Event: 19.637 Thread 0x0000022de261f050 Exception <a 'java/lang/NoSuchMethodError'{0x000000070beaf9b0}: 'java.lang.Object java.lang.invoke.Invokers$Holder.linkToTargetMethod(java.lang.Object, java.lang.Object, java.lang.Object, long, java.lang.Object)'> (0x000000070beaf9b0) 
thrown [s\src\hotspot\share\interpreter\linkResolver.cpp, line 759]
Event: 19.953 Thread 0x0000022de2624660 Exception <a 'java/lang/IncompatibleClassChangeError'{0x000000070b155018}: Found class java.lang.Object, but interface was expected> (0x000000070b155018) 
thrown [s\src\hotspot\share\interpreter\linkResolver.cpp, line 826]
Event: 20.167 Thread 0x0000022de2622d10 Exception <a 'java/lang/NoSuchMethodError'{0x000000070a3bf690}: 'java.lang.Object java.lang.invoke.DirectMethodHandle$Holder.invokeStatic(java.lang.Object, int, int)'> (0x000000070a3bf690) 
thrown [s\src\hotspot\share\interpreter\linkResolver.cpp, line 759]
Event: 4568.897 Thread 0x0000022de4cfa330 Exception <a 'java/lang/NoSuchMethodError'{0x000000070985b438}: static [Ljava/lang/Integer;.<clinit>()V> (0x000000070985b438) 
thrown [s\src\hotspot\share\prims\jni.cpp, line 1112]
Event: 5891.122 Thread 0x0000022de2624660 Exception <a 'java/lang/NoSuchMethodError'{0x000000070bcce5a0}: 'java.lang.Object java.lang.invoke.DirectMethodHandle$Holder.invokeInterface(java.lang.Object, java.lang.Object, java.lang.Object, java.lang.Object)'> (0x000000070bcce5a0) 
thrown [s\src\hotspot\share\interpreter\linkResolver.cpp, line 759]
Event: 5891.139 Thread 0x0000022de2624660 Exception <a 'java/lang/IncompatibleClassChangeError'{0x000000070bd71ba8}: Found class java.lang.Object, but interface was expected> (0x000000070bd71ba8) 
thrown [s\src\hotspot\share\interpreter\linkResolver.cpp, line 826]
Event: 5891.288 Thread 0x0000022de2624660 Exception <a 'java/lang/IncompatibleClassChangeError'{0x000000070b6056d0}: Found class java.lang.Object, but interface was expected> (0x000000070b6056d0) 
thrown [s\src\hotspot\share\interpreter\linkResolver.cpp, line 826]
Event: 5891.294 Thread 0x0000022de2624660 Exception <a 'java/lang/NoSuchMethodError'{0x000000070b636e70}: 'java.lang.Object java.lang.invoke.DirectMethodHandle$Holder.newInvokeSpecial(java.lang.Object, java.lang.Object, java.lang.Object, long)'> (0x000000070b636e70) 
thrown [s\src\hotspot\share\interpreter\linkResolver.cpp, line 759]
Event: 5891.295 Thread 0x0000022de2624660 Exception <a 'java/lang/NoSuchMethodError'{0x000000070b63b9c8}: 'java.lang.Object java.lang.invoke.DirectMethodHandle$Holder.invokeSpecial(java.lang.Object, java.lang.Object, java.lang.Object, java.lang.Object, long)'> (0x000000070b63b9c8) 
thrown [s\src\hotspot\share\interpreter\linkResolver.cpp, line 759]
Event: 5891.295 Thread 0x0000022de2624660 Exception <a 'java/lang/NoSuchMethodError'{0x000000070b63fe60}: 'java.lang.Object java.lang.invoke.Invokers$Holder.linkToTargetMethod(java.lang.Object, java.lang.Object, long, java.lang.Object)'> (0x000000070b63fe60) 
thrown [s\src\hotspot\share\interpreter\linkResolver.cpp, line 759]
Event: 8187.600 Thread 0x0000022de4cfa330 Exception <a 'java/lang/NoSuchMethodError'{0x0000000714566af8}: static [Ljava/lang/Integer;.<clinit>()V> (0x0000000714566af8) 
thrown [s\src\hotspot\share\prims\jni.cpp, line 1112]
Event: 11666.978 Thread 0x0000022de261e630 Exception <a 'java/lang/InterruptedException'{0x000000070b6f63a8}: sleep interrupted> (0x000000070b6f63a8) 
thrown [s\src\hotspot\share\prims\jvm.cpp, line 3064]

VM Operations (20 events):
Event: 11112.426 Executing VM operation: Cleanup done
Event: 11140.310 Executing VM operation: G1CollectForAllocation
Event: 11140.312 Executing VM operation: G1CollectForAllocation done
Event: 11154.374 Executing VM operation: HandshakeAllThreads
Event: 11154.374 Executing VM operation: HandshakeAllThreads done
Event: 11310.593 Executing VM operation: G1CollectForAllocation
Event: 11310.594 Executing VM operation: G1CollectForAllocation done
Event: 11434.477 Executing VM operation: Cleanup
Event: 11434.477 Executing VM operation: Cleanup done
Event: 11454.731 Executing VM operation: HandshakeAllThreads
Event: 11454.731 Executing VM operation: HandshakeAllThreads done
Event: 11557.033 Executing VM operation: G1CollectForAllocation
Event: 11557.042 Executing VM operation: G1CollectForAllocation done
Event: 11659.884 Executing VM operation: Cleanup
Event: 11660.818 Executing VM operation: Cleanup done
Event: 11661.826 Executing VM operation: Cleanup
Event: 11661.937 Executing VM operation: Cleanup done
Event: 11662.937 Executing VM operation: Cleanup
Event: 11662.937 Executing VM operation: Cleanup done
Event: 11666.979 Executing VM operation: G1CollectFull

Memory protections (0 events):
No events

Nmethod flushes (20 events):
Event: 20.143 Thread 0x0000022d9b024930 flushing  nmethod 0x0000022d8cf23410
Event: 20.143 Thread 0x0000022d9b024930 flushing  nmethod 0x0000022d8cf23890
Event: 20.143 Thread 0x0000022d9b024930 flushing  nmethod 0x0000022d8cf23d90
Event: 20.143 Thread 0x0000022d9b024930 flushing  nmethod 0x0000022d8cf24290
Event: 20.143 Thread 0x0000022d9b024930 flushing  nmethod 0x0000022d8cf3a990
Event: 20.144 Thread 0x0000022d9b024930 flushing  nmethod 0x0000022d8cf85610
Event: 20.144 Thread 0x0000022d9b024930 flushing  nmethod 0x0000022d8cf92310
Event: 20.144 Thread 0x0000022d9b024930 flushing  nmethod 0x0000022d8cfb7210
Event: 20.144 Thread 0x0000022d9b024930 flushing  nmethod 0x0000022d8d019b10
Event: 20.144 Thread 0x0000022d9b024930 flushing  nmethod 0x0000022d8d05cc10
Event: 20.144 Thread 0x0000022d9b024930 flushing  nmethod 0x0000022d8d067d90
Event: 20.145 Thread 0x0000022d9b024930 flushing  nmethod 0x0000022d8d0d8a10
Event: 20.145 Thread 0x0000022d9b024930 flushing  nmethod 0x0000022d8d11b210
Event: 20.145 Thread 0x0000022d9b024930 flushing  nmethod 0x0000022d8d13a010
Event: 20.145 Thread 0x0000022d9b024930 flushing  nmethod 0x0000022d8d13a690
Event: 20.145 Thread 0x0000022d9b024930 flushing  nmethod 0x0000022d8d16d990
Event: 20.145 Thread 0x0000022d9b024930 flushing  nmethod 0x0000022d8d174910
Event: 20.145 Thread 0x0000022d9b024930 flushing  nmethod 0x0000022d8d18d790
Event: 20.145 Thread 0x0000022d9b024930 flushing  nmethod 0x0000022d8d192d90
Event: 20.146 Thread 0x0000022d9b024930 flushing  nmethod 0x0000022d8d28d310

Events (20 events):
Event: 11661.996 Thread 0x0000022de4cf7ab0 Thread added: 0x0000022de4cf7090
Event: 11666.818 Thread 0x0000022de4cf9910 Thread exited: 0x0000022de4cf9910
Event: 11666.820 Thread 0x0000022de4cf7090 Thread exited: 0x0000022de4cf7090
Event: 11666.826 Thread 0x0000022de4cf89e0 Thread exited: 0x0000022de4cf89e0
Event: 11666.830 Thread 0x0000022de2623c40 Thread exited: 0x0000022de2623c40
Event: 11666.830 Thread 0x0000022de2623730 Thread exited: 0x0000022de2623730
Event: 11666.830 Thread 0x0000022de2625080 Thread exited: 0x0000022de2625080
Event: 11666.830 Thread 0x0000022de2624b70 Thread exited: 0x0000022de2624b70
Event: 11666.830 Thread 0x0000022de2622d10 Thread exited: 0x0000022de2622d10
Event: 11666.830 Thread 0x0000022de261f050 Thread exited: 0x0000022de261f050
Event: 11666.830 Thread 0x0000022de4cf84d0 Thread exited: 0x0000022de4cf84d0
Event: 11666.830 Thread 0x0000022de2624660 Thread exited: 0x0000022de2624660
Event: 11666.831 Thread 0x0000022de2625590 Thread exited: 0x0000022de2625590
Event: 11666.831 Thread 0x0000022de2623220 Thread exited: 0x0000022de2623220
Event: 11666.930 Thread 0x0000022de4cf7ab0 Thread added: 0x0000022de4cf7090
Event: 11666.931 Thread 0x0000022de26222f0 Thread exited: 0x0000022de26222f0
Event: 11666.934 Thread 0x0000022de4cf7090 Thread exited: 0x0000022de4cf7090
Event: 11666.978 Thread 0x0000022de2621de0 Thread exited: 0x0000022de2621de0
Event: 11666.978 Thread 0x0000022de26213c0 Thread exited: 0x0000022de26213c0
Event: 11666.978 Thread 0x0000022de261e630 Thread exited: 0x0000022de261e630


Dynamic libraries:
0x00007ff6497b0000 - 0x00007ff6497be000 	C:\Users\benot\.jdks\corretto-17.0.13\bin\java.exe
0x00007ffabafc0000 - 0x00007ffabb220000 	C:\WINDOWS\SYSTEM32\ntdll.dll
0x00007ffab9cd0000 - 0x00007ffab9d97000 	C:\WINDOWS\System32\KERNEL32.DLL
0x00007ffab8460000 - 0x00007ffab882a000 	C:\WINDOWS\System32\KERNELBASE.dll
0x00007ffab4b90000 - 0x00007ffab4c2c000 	C:\WINDOWS\SYSTEM32\apphelp.dll
0x00007ffab81d0000 - 0x00007ffab831b000 	C:\WINDOWS\System32\ucrtbase.dll
0x00007ffa968e0000 - 0x00007ffa968fb000 	C:\Users\benot\.jdks\corretto-17.0.13\bin\VCRUNTIME140.dll
0x00007ffa912a0000 - 0x00007ffa912b7000 	C:\Users\benot\.jdks\corretto-17.0.13\bin\jli.dll
0x00007ffaba700000 - 0x00007ffaba8cc000 	C:\WINDOWS\System32\USER32.dll
0x00007ffab81a0000 - 0x00007ffab81c7000 	C:\WINDOWS\System32\win32u.dll
0x00007ffa9e130000 - 0x00007ffa9e3c7000 	C:\WINDOWS\WinSxS\amd64_microsoft.windows.common-controls_6595b64144ccf1df_6.0.26100.3624_none_3e086962e3345f24\COMCTL32.dll
0x00007ffaba9d0000 - 0x00007ffaba9fa000 	C:\WINDOWS\System32\GDI32.dll
0x00007ffab9020000 - 0x00007ffab90c9000 	C:\WINDOWS\System32\msvcrt.dll
0x00007ffab8320000 - 0x00007ffab8451000 	C:\WINDOWS\System32\gdi32full.dll
0x00007ffab8830000 - 0x00007ffab88d3000 	C:\WINDOWS\System32\msvcp_win.dll
0x00007ffab8dc0000 - 0x00007ffab8def000 	C:\WINDOWS\System32\IMM32.DLL
0x00007ffa91270000 - 0x00007ffa9127c000 	C:\Users\benot\.jdks\corretto-17.0.13\bin\vcruntime140_1.dll
0x00007ffa81590000 - 0x00007ffa8161d000 	C:\Users\benot\.jdks\corretto-17.0.13\bin\msvcp140.dll
0x00007ffa21670000 - 0x00007ffa222dc000 	C:\Users\benot\.jdks\corretto-17.0.13\bin\server\jvm.dll
0x00007ffaba640000 - 0x00007ffaba6f2000 	C:\WINDOWS\System32\ADVAPI32.dll
0x00007ffab9210000 - 0x00007ffab92b6000 	C:\WINDOWS\System32\sechost.dll
0x00007ffab9da0000 - 0x00007ffab9eb6000 	C:\WINDOWS\System32\RPCRT4.dll
0x00007ffab9c50000 - 0x00007ffab9cc4000 	C:\WINDOWS\System32\WS2_32.dll
0x00007ffab6dd0000 - 0x00007ffab6e2e000 	C:\WINDOWS\SYSTEM32\POWRPROF.dll
0x00007ffaabba0000 - 0x00007ffaabbd6000 	C:\WINDOWS\SYSTEM32\WINMM.dll
0x00007ffaab310000 - 0x00007ffaab31b000 	C:\WINDOWS\SYSTEM32\VERSION.dll
0x00007ffab6db0000 - 0x00007ffab6dc4000 	C:\WINDOWS\SYSTEM32\UMPDC.dll
0x00007ffab7090000 - 0x00007ffab70aa000 	C:\WINDOWS\SYSTEM32\kernel.appcore.dll
0x00007ffa910e0000 - 0x00007ffa910ea000 	C:\Users\benot\.jdks\corretto-17.0.13\bin\jimage.dll
0x00007ffab5900000 - 0x00007ffab5b41000 	C:\WINDOWS\SYSTEM32\DBGHELP.DLL
0x00007ffabaa00000 - 0x00007ffabad82000 	C:\WINDOWS\System32\combase.dll
0x00007ffab90d0000 - 0x00007ffab91a6000 	C:\WINDOWS\System32\OLEAUT32.dll
0x00007ffa9ff60000 - 0x00007ffa9ff99000 	C:\WINDOWS\SYSTEM32\dbgcore.DLL
0x00007ffab8bb0000 - 0x00007ffab8c49000 	C:\WINDOWS\System32\bcryptPrimitives.dll
0x00007ffa910d0000 - 0x00007ffa910de000 	C:\Users\benot\.jdks\corretto-17.0.13\bin\instrument.dll
0x00007ffa88fb0000 - 0x00007ffa88fd5000 	C:\Users\benot\.jdks\corretto-17.0.13\bin\java.dll
0x00007ffa44470000 - 0x00007ffa44547000 	C:\Users\benot\.jdks\corretto-17.0.13\bin\jsvml.dll
0x00007ffab92c0000 - 0x00007ffab99e9000 	C:\WINDOWS\System32\SHELL32.dll
0x00007ffab8c50000 - 0x00007ffab8db8000 	C:\WINDOWS\System32\wintypes.dll
0x00007ffab5e00000 - 0x00007ffab6652000 	C:\WINDOWS\SYSTEM32\windows.storage.dll
0x00007ffabad90000 - 0x00007ffabae7d000 	C:\WINDOWS\System32\SHCORE.dll
0x00007ffabaf00000 - 0x00007ffabaf64000 	C:\WINDOWS\System32\shlwapi.dll
0x00007ffab80b0000 - 0x00007ffab80df000 	C:\WINDOWS\SYSTEM32\profapi.dll
0x00007ffa85240000 - 0x00007ffa85258000 	C:\Users\benot\.jdks\corretto-17.0.13\bin\zip.dll
0x00007ffa8e530000 - 0x00007ffa8e549000 	C:\Users\benot\.jdks\corretto-17.0.13\bin\net.dll
0x00007ffaaef20000 - 0x00007ffaaf03d000 	C:\WINDOWS\SYSTEM32\WINHTTP.dll
0x00007ffab7590000 - 0x00007ffab75fa000 	C:\WINDOWS\system32\mswsock.dll
0x00007ffa858b0000 - 0x00007ffa858c6000 	C:\Users\benot\.jdks\corretto-17.0.13\bin\nio.dll
0x00007ffab6ae0000 - 0x00007ffab6c05000 	C:\WINDOWS\SYSTEM32\DNSAPI.dll
0x00007ffab6aa0000 - 0x00007ffab6ad3000 	C:\WINDOWS\SYSTEM32\IPHLPAPI.DLL
0x00007ffaba570000 - 0x00007ffaba57a000 	C:\WINDOWS\System32\NSI.dll
0x00007ffa90d60000 - 0x00007ffa90d69000 	C:\Users\benot\.jdks\corretto-17.0.13\bin\extnet.dll
0x00007ffaae580000 - 0x00007ffaae58b000 	C:\Windows\System32\rasadhlp.dll
0x00007ffaaf5b0000 - 0x00007ffaaf635000 	C:\WINDOWS\System32\fwpuclnt.dll
0x00007ffa8e150000 - 0x00007ffa8e159000 	C:\Users\benot\.jdks\corretto-17.0.13\bin\management.dll
0x00007ffa8b740000 - 0x00007ffa8b74b000 	C:\Users\benot\.jdks\corretto-17.0.13\bin\management_ext.dll
0x00007ffabaf70000 - 0x00007ffabaf78000 	C:\WINDOWS\System32\PSAPI.DLL
0x00007ffab7940000 - 0x00007ffab795c000 	C:\WINDOWS\SYSTEM32\CRYPTSP.dll
0x00007ffab6ff0000 - 0x00007ffab702a000 	C:\WINDOWS\system32\rsaenh.dll
0x00007ffab7630000 - 0x00007ffab765b000 	C:\WINDOWS\SYSTEM32\USERENV.dll
0x00007ffab8080000 - 0x00007ffab80a6000 	C:\WINDOWS\SYSTEM32\bcrypt.dll
0x00007ffab77c0000 - 0x00007ffab77cc000 	C:\WINDOWS\SYSTEM32\CRYPTBASE.dll
0x00007ffaaf2d0000 - 0x00007ffaaf2ef000 	C:\WINDOWS\SYSTEM32\dhcpcsvc6.DLL
0x00007ffaaf2a0000 - 0x00007ffaaf2c5000 	C:\WINDOWS\SYSTEM32\dhcpcsvc.DLL
0x00007ffa976c0000 - 0x00007ffa976d8000 	C:\WINDOWS\system32\napinsp.dll
0x00007ffa976a0000 - 0x00007ffa976b2000 	C:\WINDOWS\System32\winrnr.dll
0x00007ffa973d0000 - 0x00007ffa97400000 	C:\WINDOWS\system32\nlansp_c.dll
0x00007ffa96920000 - 0x00007ffa96936000 	C:\WINDOWS\system32\wshbth.dll
0x00007ffa9c0f0000 - 0x00007ffa9c13e000 	C:\WINDOWS\SYSTEM32\pdh.dll
0x00007ffab0410000 - 0x00007ffab0422000 	C:\WINDOWS\System32\perfproc.dll
0x00007ffa90e90000 - 0x00007ffa90e9e000 	C:\Users\benot\.jdks\corretto-17.0.13\bin\sunmscapi.dll
0x00007ffab8a30000 - 0x00007ffab8ba7000 	C:\WINDOWS\System32\CRYPT32.dll
0x00007ffab7a90000 - 0x00007ffab7ac0000 	C:\WINDOWS\SYSTEM32\ncrypt.dll
0x00007ffab7a40000 - 0x00007ffab7a7f000 	C:\WINDOWS\SYSTEM32\NTASN1.dll
0x00007ffa8b340000 - 0x00007ffa8b350000 	C:\Users\benot\.jdks\corretto-17.0.13\bin\verify.dll
0x00007ffa8b4f0000 - 0x00007ffa8b4f8000 	C:\WINDOWS\system32\wshunix.dll

dbghelp: loaded successfully - version: 4.0.5 - missing functions: none
symbol engine: initialized successfully - sym options: 0x614 - pdb path: .;C:\Users\benot\.jdks\corretto-17.0.13\bin;C:\WINDOWS\SYSTEM32;C:\WINDOWS\WinSxS\amd64_microsoft.windows.common-controls_6595b64144ccf1df_6.0.26100.3624_none_3e086962e3345f24;C:\Users\benot\.jdks\corretto-17.0.13\bin\server

VM Arguments:
jvm_args: -XX:TieredStopAtLevel=1 -Dspring.output.ansi.enabled=always -Dcom.sun.management.jmxremote -Dspring.jmx.enabled=true -Dspring.liveBeansView.mbeanDomain -Dspring.application.admin.enabled=true -Dmanagement.endpoints.jmx.exposure.include=* -javaagent:C:\Program Files\JetBrains\IntelliJ IDEA 2024.1\lib\idea_rt.jar=53781 -Dfile.encoding=UTF-8 
java_command: com.rh_app.hr_app.HrAppApplication
java_class_path (initial): C:\Users\benot\IdeaProjects\rh-app\target\classes;C:\Users\benot\.m2\repository\org\springframework\boot\spring-boot-starter-web\3.4.3\spring-boot-starter-web-3.4.3.jar;C:\Users\benot\.m2\repository\org\springframework\boot\spring-boot-starter\3.4.3\spring-boot-starter-3.4.3.jar;C:\Users\benot\.m2\repository\org\springframework\boot\spring-boot-starter-logging\3.4.3\spring-boot-starter-logging-3.4.3.jar;C:\Users\benot\.m2\repository\ch\qos\logback\logback-classic\1.5.16\logback-classic-1.5.16.jar;C:\Users\benot\.m2\repository\ch\qos\logback\logback-core\1.5.16\logback-core-1.5.16.jar;C:\Users\benot\.m2\repository\org\apache\logging\log4j\log4j-to-slf4j\2.24.3\log4j-to-slf4j-2.24.3.jar;C:\Users\benot\.m2\repository\org\apache\logging\log4j\log4j-api\2.24.3\log4j-api-2.24.3.jar;C:\Users\benot\.m2\repository\org\slf4j\jul-to-slf4j\2.0.16\jul-to-slf4j-2.0.16.jar;C:\Users\benot\.m2\repository\jakarta\annotation\jakarta.annotation-api\2.1.1\jakarta.annotation-api-2.1.1.jar;C:\Users\benot\.m2\repository\org\yaml\snakeyaml\2.3\snakeyaml-2.3.jar;C:\Users\benot\.m2\repository\org\springframework\boot\spring-boot-starter-json\3.4.3\spring-boot-starter-json-3.4.3.jar;C:\Users\benot\.m2\repository\com\fasterxml\jackson\core\jackson-databind\2.18.2\jackson-databind-2.18.2.jar;C:\Users\benot\.m2\repository\com\fasterxml\jackson\datatype\jackson-datatype-jdk8\2.18.2\jackson-datatype-jdk8-2.18.2.jar;C:\Users\benot\.m2\repository\com\fasterxml\jackson\datatype\jackson-datatype-jsr310\2.18.2\jackson-datatype-jsr310-2.18.2.jar;C:\Users\benot\.m2\repository\com\fasterxml\jackson\module\jackson-module-parameter-names\2.18.2\jackson-module-parameter-names-2.18.2.jar;C:\Users\benot\.m2\repository\org\springframework\boot\spring-boot-starter-tomcat\3.4.3\spring-boot-starter-tomcat-3.4.3.jar;C:\Users\benot\.m2\repository\org\apache\tomcat\embed\tomcat-embed-core\10.1.36\tomcat-embed-core-10.1.36.jar;C:\Users\benot\.m2\repository\org\apache\tomcat\embed\tomcat-emb
Launcher Type: SUN_STANDARD

[Global flags]
     intx CICompilerCount                          = 12                                        {product} {ergonomic}
     uint ConcGCThreads                            = 3                                         {product} {ergonomic}
     uint G1ConcRefinementThreads                  = 13                                        {product} {ergonomic}
   size_t G1HeapRegionSize                         = 2097152                                   {product} {ergonomic}
    uintx GCDrainStackTargetSize                   = 64                                        {product} {ergonomic}
   size_t InitialHeapSize                          = 264241152                                 {product} {ergonomic}
     bool ManagementServer                         = true                                      {product} {command line}
   size_t MarkStackSize                            = 4194304                                   {product} {ergonomic}
   size_t MaxHeapSize                              = 4217372672                                {product} {ergonomic}
   size_t MaxNewSize                               = 2529165312                                {product} {ergonomic}
   size_t MinHeapDeltaBytes                        = 2097152                                   {product} {ergonomic}
   size_t MinHeapSize                              = 8388608                                   {product} {ergonomic}
    uintx NonProfiledCodeHeapSize                  = 0                                      {pd product} {ergonomic}
     bool ProfileInterpreter                       = false                                  {pd product} {command line}
    uintx ProfiledCodeHeapSize                     = 0                                      {pd product} {ergonomic}
   size_t SoftMaxHeapSize                          = 4217372672                             {manageable} {ergonomic}
     intx TieredStopAtLevel                        = 1                                         {product} {command line}
     bool UseCompressedClassPointers               = true                           {product lp64_product} {ergonomic}
     bool UseCompressedOops                        = true                           {product lp64_product} {ergonomic}
     bool UseG1GC                                  = true                                      {product} {ergonomic}
     bool UseLargePagesIndividualAllocation        = false                                  {pd product} {ergonomic}

Logging:
Log output configuration:
 #0: stdout all=warning uptime,level,tags
 #1: stderr all=off uptime,level,tags

Environment Variables:
JAVA_HOME=C:\java\jdk-1.8\bin
PATH=C:\Python313\Scripts\;C:\Python313\;C:\Program Files\Common Files\Oracle\Java\javapath;C:\Program Files (x86)\Common Files\Oracle\Java\java8path;C:\Program Files (x86)\Common Files\Oracle\Java\javapath;C:\oraclexe\app\oracle\product\11.2.0\server\bin;C:\WINDOWS\system32;C:\WINDOWS;C:\WINDOWS\System32\Wbem;C:\WINDOWS\System32\WindowsPowerShell\v1.0\;C:\WINDOWS\System32\OpenSSH\;C:\Program Files (x86)\NVIDIA Corporation\PhysX\Common;C:\xampp\php;C:\Program Files (x86)\Microsoft SQL Server\160\Tools\Binn\;C:\Program Files\Microsoft SQL Server\160\Tools\Binn\;C:\Program Files\Microsoft SQL Server\Client SDK\ODBC\170\Tools\Binn\;C:\Program Files\Microsoft SQL Server\160\DTS\Binn\;C:\Program Files (x86)\Microsoft SQL Server\160\DTS\Binn\;C:\Program Files\Azure Data Studio\bin;C:\ProgramData\ComposerSetup\bin;C:\Program Files\Microsoft SQL Server\130\Tools\Binn\;C:\Program Files (x86)\Microsoft SQL Server\110\DTS\Binn\;C:\Program Files (x86)\Microsoft SQL Server\120\DTS\Binn\;C:\Program Files (x86)\Microsoft SQL Server\130\DTS\Binn\;C:\Program Files (x86)\Microsoft SQL Server\140\DTS\Binn\;C:\Program Files (x86)\Microsoft SQL Server\150\DTS\Binn\;C:\Program Files\Git\cmd;C:\Program Files\dotnet\;C:\Program Files\Java\jdk-23\bin;C:\Program Files\apache-maven-3.9.9-bin\apache-maven-3.9.9\bin;C:\Program Files\MongoDB\Tools\100\bin;C:\Program Files\CMake\bin;C:\hadoop\bin;C:\hadoop\sbin;C:\java\jdk-1.8\bin;;C:\Program Files\Docker\Docker\resources\bin;C:\ProgramData\chocolatey\bin;C:\Program Files\nodejs\;C:\Program Files\NVIDIA Corporation\NVIDIA app\NvDLISR;C:\Users\benot\AppData\Local\Microsoft\WindowsApps;C:\Users\benot\AppData\Local\Programs\Microsoft VS Code\bin;C:\Program Files\Azure Data Studio\bin;C:\Users\benot\AppData\Roaming\Composer\vendor\bin;C:\Users\benot\Downloads\symfony-cli_windows_amd64;C:\Program Files\JetBrains\IntelliJ IDEA 2024.1\bin;;C:\Users\benot\.dotnet\tools;C:\Program Files\JetBrains\PyCharm 2024.2.4\bin;;C:\Users\benot\AppData\Roaming\npm;C:\Us
USERNAME=benot
OS=Windows_NT
PROCESSOR_IDENTIFIER=Intel64 Family 6 Model 154 Stepping 3, GenuineIntel
TMP=C:\Users\benot\AppData\Local\Temp
TEMP=C:\Users\benot\AppData\Local\Temp



Periodic native trim disabled


---------------  S Y S T E M  ---------------

OS:
 Windows 11 , 64 bit Build 26100 (10.0.26100.3775)
OS uptime: 1 days 1:24 hours
Hyper-V role detected

CPU: total 16 (initial active 16) (8 cores per cpu, 2 threads per core) family 6 model 154 stepping 3 microcode 0x424, cx8, cmov, fxsr, ht, mmx, 3dnowpref, sse, sse2, sse3, ssse3, sse4.1, sse4.2, popcnt, lzcnt, tsc, tscinvbit, avx, avx2, aes, erms, clmul, bmi1, bmi2, adx, sha, fma, vzeroupper, clflush, clflushopt, clwb, hv
Processor Information for all 16 processors :
  Max Mhz: 2300, Current Mhz: 2300, Mhz Limit: 2300

Memory: 4k page, system-wide physical 16085M (3197M free)
TotalPageFile size 61015M (AvailPageFile size 14M)
current process WorkingSet (physical memory assigned to process): 99M, peak: 335M
current process commit charge ("private bytes"): 396M, peak: 400M

vm_info: OpenJDK 64-Bit Server VM (17.0.13+11-LTS) for windows-amd64 JRE (17.0.13+11-LTS), built on Oct 10 2024 19:51:30 by "Administrator" with MS VC++ 16.10 / 16.11 (VS2019)

END.
